test f1 score:0.9714(添加FGM对抗训练)

2022-08-08 22:19:15,750 - INFO - 49 - device:cuda
2022-08-08 22:28:51,795 - INFO - 244 - | step  1000 | loss    0.453 | f1    0.875 | 
2022-08-08 22:38:14,931 - INFO - 244 - | step  2000 | loss    0.054 | f1    1.000 | 
2022-08-08 22:47:39,107 - INFO - 244 - | step  3000 | loss    0.133 | f1    0.938 | 
2022-08-08 22:57:04,103 - INFO - 244 - | step  4000 | loss    0.228 | f1    0.938 | 
2022-08-08 23:06:28,952 - INFO - 244 - | step  5000 | loss    0.015 | f1    1.000 | 
2022-08-08 23:15:54,158 - INFO - 244 - | step  6000 | loss    0.038 | f1    1.000 | 
2022-08-08 23:25:18,408 - INFO - 244 - | step  7000 | loss    0.013 | f1    1.000 | 
2022-08-08 23:34:43,090 - INFO - 244 - | step  8000 | loss    0.265 | f1    0.938 | 
2022-08-08 23:44:08,406 - INFO - 244 - | step  9000 | loss    0.200 | f1    0.938 | 
2022-08-08 23:53:33,647 - INFO - 244 - | step 10000 | loss    0.020 | f1    1.000 | 
2022-08-09 00:02:59,381 - INFO - 244 - | step 11000 | loss    0.157 | f1    0.938 | 
2022-08-09 00:12:24,809 - INFO - 244 - | step 12000 | loss    0.083 | f1    1.000 | 
2022-08-09 00:17:07,024 - INFO - 275 - ------------------------------------- 
2022-08-09 00:17:07,024 - INFO - 276 - | end of epoch     1 | time: 7058.39s | 
2022-08-09 00:17:07,024 - INFO - 277 - ------------------------------------- 
2022-08-09 00:26:32,408 - INFO - 244 - | step  1000 | loss    0.011 | f1    1.000 | 
2022-08-09 00:35:58,177 - INFO - 244 - | step  2000 | loss    0.007 | f1    1.000 | 
2022-08-09 00:45:24,207 - INFO - 244 - | step  3000 | loss    0.004 | f1    1.000 | 
2022-08-09 00:54:49,984 - INFO - 244 - | step  4000 | loss    0.659 | f1    0.812 | 
2022-08-09 01:04:15,916 - INFO - 244 - | step  5000 | loss    0.046 | f1    1.000 | 
2022-08-09 01:13:42,258 - INFO - 244 - | step  6000 | loss    0.033 | f1    1.000 | 
2022-08-09 01:23:08,279 - INFO - 244 - | step  7000 | loss    0.115 | f1    0.938 | 
2022-08-09 01:32:34,611 - INFO - 244 - | step  8000 | loss    0.007 | f1    1.000 | 
2022-08-09 01:42:00,446 - INFO - 244 - | step  9000 | loss    0.005 | f1    1.000 | 
2022-08-09 01:51:26,351 - INFO - 244 - | step 10000 | loss    0.039 | f1    1.000 | 
2022-08-09 02:00:52,368 - INFO - 244 - | step 11000 | loss    0.004 | f1    1.000 | 
2022-08-09 02:10:18,804 - INFO - 244 - | step 12000 | loss    0.031 | f1    1.000 | 
2022-08-09 02:15:01,654 - INFO - 275 - ------------------------------------- 
2022-08-09 02:15:01,655 - INFO - 276 - | end of epoch     2 | time: 7074.63s | 
2022-08-09 02:15:01,655 - INFO - 277 - ------------------------------------- 
2022-08-09 02:24:28,843 - INFO - 244 - | step  1000 | loss    0.117 | f1    0.938 | 
2022-08-09 02:33:54,853 - INFO - 244 - | step  2000 | loss    0.092 | f1    0.938 | 
2022-08-09 02:43:21,380 - INFO - 244 - | step  3000 | loss    0.018 | f1    1.000 | 
2022-08-09 02:52:47,534 - INFO - 244 - | step  4000 | loss    0.004 | f1    1.000 | 
2022-08-09 03:02:13,430 - INFO - 244 - | step  5000 | loss    0.173 | f1    0.938 | 
2022-08-09 03:11:39,947 - INFO - 244 - | step  6000 | loss    0.058 | f1    1.000 | 
2022-08-09 03:21:06,164 - INFO - 244 - | step  7000 | loss    0.003 | f1    1.000 | 
2022-08-09 03:30:32,818 - INFO - 244 - | step  8000 | loss    0.133 | f1    1.000 | 
2022-08-09 03:39:59,363 - INFO - 244 - | step  9000 | loss    0.199 | f1    0.938 | 
2022-08-09 03:49:25,248 - INFO - 244 - | step 10000 | loss    0.036 | f1    1.000 | 
2022-08-09 03:58:51,800 - INFO - 244 - | step 11000 | loss    0.007 | f1    1.000 | 
2022-08-09 04:08:19,365 - INFO - 244 - | step 12000 | loss    0.009 | f1    1.000 | 
2022-08-09 04:13:02,386 - INFO - 275 - ------------------------------------- 
2022-08-09 04:13:02,387 - INFO - 276 - | end of epoch     3 | time: 7080.73s | 
2022-08-09 04:13:02,387 - INFO - 277 - ------------------------------------- 
2022-08-09 04:22:29,873 - INFO - 244 - | step  1000 | loss    0.001 | f1    1.000 | 
2022-08-09 04:31:56,960 - INFO - 244 - | step  2000 | loss    0.108 | f1    0.938 | 
2022-08-09 04:41:25,152 - INFO - 244 - | step  3000 | loss    0.002 | f1    1.000 | 
2022-08-09 04:50:53,683 - INFO - 244 - | step  4000 | loss    0.002 | f1    1.000 | 
2022-08-09 05:00:21,542 - INFO - 244 - | step  5000 | loss    0.094 | f1    0.938 | 
2022-08-09 05:09:49,804 - INFO - 244 - | step  6000 | loss    0.001 | f1    1.000 | 
2022-08-09 05:19:17,636 - INFO - 244 - | step  7000 | loss    0.056 | f1    0.938 | 
2022-08-09 05:28:45,771 - INFO - 244 - | step  8000 | loss    0.199 | f1    0.938 | 
2022-08-09 05:38:13,807 - INFO - 244 - | step  9000 | loss    0.015 | f1    1.000 | 
2022-08-09 05:47:41,319 - INFO - 244 - | step 10000 | loss    0.001 | f1    1.000 | 
2022-08-09 05:57:08,958 - INFO - 244 - | step 11000 | loss    0.002 | f1    1.000 | 
2022-08-09 06:06:35,543 - INFO - 244 - | step 12000 | loss    0.003 | f1    1.000 | 
2022-08-09 06:11:18,228 - INFO - 275 - ------------------------------------- 
2022-08-09 06:11:18,228 - INFO - 276 - | end of epoch     4 | time: 7095.84s | 
2022-08-09 06:11:18,229 - INFO - 277 - ------------------------------------- 
2022-08-09 06:20:46,042 - INFO - 244 - | step  1000 | loss    0.002 | f1    1.000 | 
2022-08-09 06:30:12,413 - INFO - 244 - | step  2000 | loss    0.016 | f1    1.000 | 
2022-08-09 06:39:37,806 - INFO - 244 - | step  3000 | loss    0.001 | f1    1.000 | 
2022-08-09 06:49:04,068 - INFO - 244 - | step  4000 | loss    0.020 | f1    1.000 | 
2022-08-09 06:58:31,882 - INFO - 244 - | step  5000 | loss    0.005 | f1    1.000 | 
2022-08-09 07:07:59,141 - INFO - 244 - | step  6000 | loss    0.009 | f1    1.000 | 
2022-08-09 07:17:26,904 - INFO - 244 - | step  7000 | loss    0.001 | f1    1.000 | 
2022-08-09 07:26:55,821 - INFO - 244 - | step  8000 | loss    0.001 | f1    1.000 | 
2022-08-09 07:36:23,587 - INFO - 244 - | step  9000 | loss    0.002 | f1    1.000 | 
2022-08-09 07:45:48,664 - INFO - 244 - | step 10000 | loss    0.001 | f1    1.000 | 
2022-08-09 07:55:12,871 - INFO - 244 - | step 11000 | loss    0.008 | f1    1.000 | 
2022-08-09 08:04:36,769 - INFO - 244 - | step 12000 | loss    0.005 | f1    1.000 | 
2022-08-09 08:09:18,314 - INFO - 275 - ------------------------------------- 
2022-08-09 08:09:18,315 - INFO - 276 - | end of epoch     5 | time: 7080.09s | 
2022-08-09 08:09:18,315 - INFO - 277 - ------------------------------------- 
2022-08-09 08:18:44,934 - INFO - 244 - | step  1000 | loss    0.002 | f1    1.000 | 
2022-08-09 08:28:09,299 - INFO - 244 - | step  2000 | loss    0.002 | f1    1.000 | 
2022-08-09 08:37:33,643 - INFO - 244 - | step  3000 | loss    0.001 | f1    1.000 | 
2022-08-09 08:46:58,000 - INFO - 244 - | step  4000 | loss    0.002 | f1    1.000 | 
2022-08-09 08:56:22,747 - INFO - 244 - | step  5000 | loss    0.001 | f1    1.000 | 
2022-08-09 09:05:46,218 - INFO - 244 - | step  6000 | loss    0.003 | f1    1.000 | 
2022-08-09 09:15:10,679 - INFO - 244 - | step  7000 | loss    0.001 | f1    1.000 | 
2022-08-09 09:24:34,634 - INFO - 244 - | step  8000 | loss    0.001 | f1    1.000 | 
2022-08-09 09:33:58,877 - INFO - 244 - | step  9000 | loss    0.009 | f1    1.000 | 
2022-08-09 09:43:22,933 - INFO - 244 - | step 10000 | loss    0.006 | f1    1.000 | 
2022-08-09 09:52:48,151 - INFO - 244 - | step 11000 | loss    0.001 | f1    1.000 | 
2022-08-09 10:02:13,099 - INFO - 244 - | step 12000 | loss    0.001 | f1    1.000 | 
2022-08-09 10:06:55,021 - INFO - 275 - ------------------------------------- 
2022-08-09 10:06:55,021 - INFO - 276 - | end of epoch     6 | time: 7056.71s | 
2022-08-09 10:06:55,022 - INFO - 277 - ------------------------------------- 
2022-08-09 10:16:19,729 - INFO - 244 - | step  1000 | loss    0.001 | f1    1.000 | 
2022-08-09 10:25:44,498 - INFO - 244 - | step  2000 | loss    0.026 | f1    1.000 | 
2022-08-09 10:35:09,132 - INFO - 244 - | step  3000 | loss    0.001 | f1    1.000 | 
2022-08-09 10:44:32,497 - INFO - 244 - | step  4000 | loss    0.001 | f1    1.000 | 
2022-08-09 10:53:56,315 - INFO - 244 - | step  5000 | loss    0.002 | f1    1.000 | 
2022-08-09 11:03:21,240 - INFO - 244 - | step  6000 | loss    0.001 | f1    1.000 | 
2022-08-09 11:12:45,864 - INFO - 244 - | step  7000 | loss    0.001 | f1    1.000 | 
2022-08-09 11:22:09,902 - INFO - 244 - | step  8000 | loss    0.001 | f1    1.000 | 
2022-08-09 11:31:33,793 - INFO - 244 - | step  9000 | loss    0.002 | f1    1.000 | 
2022-08-09 11:40:58,547 - INFO - 244 - | step 10000 | loss    0.008 | f1    1.000 | 
2022-08-09 11:50:23,091 - INFO - 244 - | step 11000 | loss    0.001 | f1    1.000 | 
2022-08-09 11:59:47,985 - INFO - 244 - | step 12000 | loss    0.001 | f1    1.000 | 
2022-08-09 12:04:29,671 - INFO - 275 - ------------------------------------- 
2022-08-09 12:04:29,672 - INFO - 276 - | end of epoch     7 | time: 7054.65s | 
2022-08-09 12:04:29,672 - INFO - 277 - ------------------------------------- 
2022-08-09 12:13:55,104 - INFO - 244 - | step  1000 | loss    0.001 | f1    1.000 | 
2022-08-09 12:23:19,052 - INFO - 244 - | step  2000 | loss    0.001 | f1    1.000 | 
2022-08-09 12:32:42,604 - INFO - 244 - | step  3000 | loss    0.001 | f1    1.000 | 
2022-08-09 12:42:07,146 - INFO - 244 - | step  4000 | loss    0.001 | f1    1.000 | 
2022-08-09 12:51:31,988 - INFO - 244 - | step  5000 | loss    0.001 | f1    1.000 | 
2022-08-09 13:00:56,220 - INFO - 244 - | step  6000 | loss    0.001 | f1    1.000 | 
2022-08-09 13:10:20,967 - INFO - 244 - | step  7000 | loss    0.001 | f1    1.000 | 
2022-08-09 13:19:45,547 - INFO - 244 - | step  8000 | loss    0.001 | f1    1.000 | 
2022-08-09 13:29:10,416 - INFO - 244 - | step  9000 | loss    0.001 | f1    1.000 | 
2022-08-09 13:38:35,061 - INFO - 244 - | step 10000 | loss    0.001 | f1    1.000 | 
2022-08-09 13:47:58,625 - INFO - 244 - | step 11000 | loss    0.001 | f1    1.000 | 
2022-08-09 13:57:24,037 - INFO - 244 - | step 12000 | loss    0.001 | f1    1.000 | 
2022-08-09 14:02:06,031 - INFO - 275 - ------------------------------------- 
2022-08-09 14:02:06,031 - INFO - 276 - | end of epoch     8 | time: 7056.36s | 
2022-08-09 14:02:06,031 - INFO - 277 - ------------------------------------- 
2022-08-09 14:11:32,737 - INFO - 244 - | step  1000 | loss    0.002 | f1    1.000 | 
2022-08-09 14:20:57,795 - INFO - 244 - | step  2000 | loss    0.002 | f1    1.000 | 
2022-08-09 14:30:23,306 - INFO - 244 - | step  3000 | loss    0.003 | f1    1.000 | 
2022-08-09 14:39:49,177 - INFO - 244 - | step  4000 | loss    0.003 | f1    1.000 | 
2022-08-09 14:49:15,413 - INFO - 244 - | step  5000 | loss    0.001 | f1    1.000 | 
2022-08-09 14:58:41,852 - INFO - 244 - | step  6000 | loss    0.001 | f1    1.000 | 
2022-08-09 15:08:08,364 - INFO - 244 - | step  7000 | loss    0.001 | f1    1.000 | 
2022-08-09 15:17:34,632 - INFO - 244 - | step  8000 | loss    0.001 | f1    1.000 | 
2022-08-09 15:27:01,192 - INFO - 244 - | step  9000 | loss    0.001 | f1    1.000 | 
2022-08-09 15:36:27,624 - INFO - 244 - | step 10000 | loss    0.001 | f1    1.000 | 
2022-08-09 15:45:54,356 - INFO - 244 - | step 11000 | loss    0.001 | f1    1.000 | 
2022-08-09 15:55:20,432 - INFO - 244 - | step 12000 | loss    0.001 | f1    1.000 | 
2022-08-09 16:00:02,932 - INFO - 275 - ------------------------------------- 
2022-08-09 16:00:02,932 - INFO - 276 - | end of epoch     9 | time: 7076.90s | 
2022-08-09 16:00:02,932 - INFO - 277 - ------------------------------------- 
2022-08-09 16:09:29,737 - INFO - 244 - | step  1000 | loss    0.001 | f1    1.000 | 
2022-08-09 16:18:55,570 - INFO - 244 - | step  2000 | loss    0.001 | f1    1.000 | 
2022-08-09 16:28:21,758 - INFO - 244 - | step  3000 | loss    0.001 | f1    1.000 | 
2022-08-09 16:37:48,009 - INFO - 244 - | step  4000 | loss    0.001 | f1    1.000 | 
2022-08-09 16:47:14,229 - INFO - 244 - | step  5000 | loss    0.018 | f1    1.000 | 
2022-08-09 16:56:40,072 - INFO - 244 - | step  6000 | loss    0.001 | f1    1.000 | 
2022-08-09 17:06:05,769 - INFO - 244 - | step  7000 | loss    0.001 | f1    1.000 | 
2022-08-09 17:15:32,363 - INFO - 244 - | step  8000 | loss    0.001 | f1    1.000 | 
2022-08-09 17:24:58,247 - INFO - 244 - | step  9000 | loss    0.001 | f1    1.000 | 
2022-08-09 17:34:24,447 - INFO - 244 - | step 10000 | loss    0.001 | f1    1.000 | 
2022-08-09 17:43:50,867 - INFO - 244 - | step 11000 | loss    0.001 | f1    1.000 | 
2022-08-09 17:53:17,819 - INFO - 244 - | step 12000 | loss    0.000 | f1    1.000 | 
2022-08-09 17:58:00,629 - INFO - 275 - ------------------------------------- 
2022-08-09 17:58:00,630 - INFO - 276 - | end of epoch    10 | time: 7077.70s | 
2022-08-09 17:58:00,630 - INFO - 277 - ------------------------------------- 
2022-08-09 18:03:09,510 - INFO - 284 - 预测概率矩阵保存成功 
2022-08-09 18:03:09,548 - INFO - 291 - 模型预测结束 
