test f1 score:0.9706(未添加FGM对抗训练)

2022-08-08 10:30:28,375 - INFO - 49 - device:cuda 
2022-08-08 10:35:43,525 - INFO - 208 - | step  1000 | loss    0.426 | f1    0.875 | 
2022-08-08 10:40:44,857 - INFO - 208 - | step  2000 | loss    0.073 | f1    1.000 | 
2022-08-08 10:45:45,259 - INFO - 208 - | step  3000 | loss    0.225 | f1    0.938 | 
2022-08-08 10:50:45,042 - INFO - 208 - | step  4000 | loss    0.292 | f1    0.938 | 
2022-08-08 10:55:44,975 - INFO - 208 - | step  5000 | loss    0.015 | f1    1.000 | 
2022-08-08 11:00:43,976 - INFO - 208 - | step  6000 | loss    0.044 | f1    1.000 | 
2022-08-08 11:05:43,023 - INFO - 208 - | step  7000 | loss    0.012 | f1    1.000 | 
2022-08-08 11:10:41,814 - INFO - 208 - | step  8000 | loss    0.338 | f1    0.938 | 
2022-08-08 11:15:39,832 - INFO - 208 - | step  9000 | loss    0.122 | f1    0.938 | 
2022-08-08 11:20:38,514 - INFO - 208 - | step 10000 | loss    0.038 | f1    1.000 | 
2022-08-08 11:25:37,811 - INFO - 208 - | step 11000 | loss    0.166 | f1    0.938 | 
2022-08-08 11:30:36,507 - INFO - 208 - | step 12000 | loss    0.077 | f1    1.000 | 
2022-08-08 11:33:05,831 - INFO - 239 - ------------------------------------- 
2022-08-08 11:33:05,831 - INFO - 240 - | end of epoch     1 | time: 3743.94s | 
2022-08-08 11:33:05,831 - INFO - 241 - ------------------------------------- 
2022-08-08 11:38:04,958 - INFO - 208 - | step  1000 | loss    0.012 | f1    1.000 | 
2022-08-08 11:43:04,353 - INFO - 208 - | step  2000 | loss    0.005 | f1    1.000 | 
2022-08-08 11:48:03,560 - INFO - 208 - | step  3000 | loss    0.004 | f1    1.000 | 
2022-08-08 11:53:02,390 - INFO - 208 - | step  4000 | loss    0.602 | f1    0.875 | 
2022-08-08 11:58:01,387 - INFO - 208 - | step  5000 | loss    0.204 | f1    0.938 | 
2022-08-08 12:02:59,891 - INFO - 208 - | step  6000 | loss    0.038 | f1    1.000 | 
2022-08-08 12:07:58,887 - INFO - 208 - | step  7000 | loss    0.128 | f1    0.938 | 
2022-08-08 12:12:58,410 - INFO - 208 - | step  8000 | loss    0.030 | f1    1.000 | 
2022-08-08 12:17:57,181 - INFO - 208 - | step  9000 | loss    0.008 | f1    1.000 | 
2022-08-08 12:22:56,489 - INFO - 208 - | step 10000 | loss    0.029 | f1    1.000 | 
2022-08-08 12:27:55,806 - INFO - 208 - | step 11000 | loss    0.005 | f1    1.000 | 
2022-08-08 12:32:54,878 - INFO - 208 - | step 12000 | loss    0.073 | f1    0.938 | 
2022-08-08 12:35:24,276 - INFO - 239 - ------------------------------------- 
2022-08-08 12:35:24,277 - INFO - 240 - | end of epoch     2 | time: 3738.45s | 
2022-08-08 12:35:24,277 - INFO - 241 - ------------------------------------- 
2022-08-08 12:40:23,820 - INFO - 208 - | step  1000 | loss    0.140 | f1    0.938 | 
2022-08-08 12:45:22,526 - INFO - 208 - | step  2000 | loss    0.062 | f1    0.938 | 
2022-08-08 12:50:21,152 - INFO - 208 - | step  3000 | loss    0.014 | f1    1.000 | 
2022-08-08 12:55:20,489 - INFO - 208 - | step  4000 | loss    0.041 | f1    1.000 | 
2022-08-08 13:00:19,526 - INFO - 208 - | step  5000 | loss    0.146 | f1    0.938 | 
2022-08-08 13:05:18,361 - INFO - 208 - | step  6000 | loss    0.174 | f1    0.938 | 
2022-08-08 13:10:17,180 - INFO - 208 - | step  7000 | loss    0.032 | f1    1.000 | 
2022-08-08 13:15:16,564 - INFO - 208 - | step  8000 | loss    0.215 | f1    0.938 | 
2022-08-08 13:20:15,903 - INFO - 208 - | step  9000 | loss    0.153 | f1    0.938 | 
2022-08-08 13:25:15,715 - INFO - 208 - | step 10000 | loss    0.012 | f1    1.000 | 
2022-08-08 13:30:14,390 - INFO - 208 - | step 11000 | loss    0.014 | f1    1.000 | 
2022-08-08 13:35:13,243 - INFO - 208 - | step 12000 | loss    0.003 | f1    1.000 | 
2022-08-08 13:37:42,435 - INFO - 239 - ------------------------------------- 
2022-08-08 13:37:42,436 - INFO - 240 - | end of epoch     3 | time: 3738.16s | 
2022-08-08 13:37:42,436 - INFO - 241 - ------------------------------------- 
2022-08-08 13:42:41,660 - INFO - 208 - | step  1000 | loss    0.002 | f1    1.000 | 
2022-08-08 13:47:40,809 - INFO - 208 - | step  2000 | loss    0.061 | f1    0.938 | 
2022-08-08 13:52:38,722 - INFO - 208 - | step  3000 | loss    0.002 | f1    1.000 | 
2022-08-08 13:57:34,969 - INFO - 208 - | step  4000 | loss    0.007 | f1    1.000 | 
2022-08-08 14:02:32,156 - INFO - 208 - | step  5000 | loss    0.056 | f1    0.938 | 
2022-08-08 14:07:30,533 - INFO - 208 - | step  6000 | loss    0.002 | f1    1.000 | 
2022-08-08 14:12:29,096 - INFO - 208 - | step  7000 | loss    0.111 | f1    0.938 | 
2022-08-08 14:17:27,948 - INFO - 208 - | step  8000 | loss    0.195 | f1    0.938 | 
2022-08-08 14:22:26,626 - INFO - 208 - | step  9000 | loss    0.045 | f1    1.000 | 
2022-08-08 14:27:24,535 - INFO - 208 - | step 10000 | loss    0.004 | f1    1.000 | 
2022-08-08 14:32:23,025 - INFO - 208 - | step 11000 | loss    0.025 | f1    1.000 | 
2022-08-08 14:37:21,403 - INFO - 208 - | step 12000 | loss    0.003 | f1    1.000 | 
2022-08-08 14:39:50,349 - INFO - 239 - ------------------------------------- 
2022-08-08 14:39:50,350 - INFO - 240 - | end of epoch     4 | time: 3727.91s | 
2022-08-08 14:39:50,350 - INFO - 241 - ------------------------------------- 
2022-08-08 14:44:49,101 - INFO - 208 - | step  1000 | loss    0.001 | f1    1.000 | 
2022-08-08 14:49:47,967 - INFO - 208 - | step  2000 | loss    0.004 | f1    1.000 | 
2022-08-08 14:54:46,162 - INFO - 208 - | step  3000 | loss    0.001 | f1    1.000 | 
2022-08-08 14:59:44,963 - INFO - 208 - | step  4000 | loss    0.002 | f1    1.000 | 
2022-08-08 15:04:43,023 - INFO - 208 - | step  5000 | loss    0.050 | f1    0.938 | 
2022-08-08 15:09:42,020 - INFO - 208 - | step  6000 | loss    0.003 | f1    1.000 | 
2022-08-08 15:14:40,714 - INFO - 208 - | step  7000 | loss    0.001 | f1    1.000 | 
2022-08-08 15:19:39,652 - INFO - 208 - | step  8000 | loss    0.001 | f1    1.000 | 
2022-08-08 15:24:38,110 - INFO - 208 - | step  9000 | loss    0.003 | f1    1.000 | 
2022-08-08 15:29:37,967 - INFO - 208 - | step 10000 | loss    0.002 | f1    1.000 | 
2022-08-08 15:34:36,596 - INFO - 208 - | step 11000 | loss    0.002 | f1    1.000 | 
2022-08-08 15:39:35,833 - INFO - 208 - | step 12000 | loss    0.080 | f1    0.938 | 
2022-08-08 15:42:04,843 - INFO - 239 - ------------------------------------- 
2022-08-08 15:42:04,843 - INFO - 240 - | end of epoch     5 | time: 3734.49s | 
2022-08-08 15:42:04,843 - INFO - 241 - ------------------------------------- 
2022-08-08 15:47:03,972 - INFO - 208 - | step  1000 | loss    0.011 | f1    1.000 | 
2022-08-08 15:52:03,303 - INFO - 208 - | step  2000 | loss    0.033 | f1    1.000 | 
2022-08-08 15:57:03,021 - INFO - 208 - | step  3000 | loss    0.003 | f1    1.000 | 
2022-08-08 16:02:01,704 - INFO - 208 - | step  4000 | loss    0.010 | f1    1.000 | 
2022-08-08 16:07:00,197 - INFO - 208 - | step  5000 | loss    0.002 | f1    1.000 | 
2022-08-08 16:11:58,937 - INFO - 208 - | step  6000 | loss    0.004 | f1    1.000 | 
2022-08-08 16:16:57,864 - INFO - 208 - | step  7000 | loss    0.005 | f1    1.000 | 
2022-08-08 16:21:57,253 - INFO - 208 - | step  8000 | loss    0.001 | f1    1.000 | 
2022-08-08 16:26:56,041 - INFO - 208 - | step  9000 | loss    0.009 | f1    1.000 | 
2022-08-08 16:31:55,196 - INFO - 208 - | step 10000 | loss    0.004 | f1    1.000 | 
2022-08-08 16:36:54,578 - INFO - 208 - | step 11000 | loss    0.003 | f1    1.000 | 
2022-08-08 16:41:53,821 - INFO - 208 - | step 12000 | loss    0.005 | f1    1.000 | 
2022-08-08 16:44:23,230 - INFO - 239 - ------------------------------------- 
2022-08-08 16:44:23,231 - INFO - 240 - | end of epoch     6 | time: 3738.39s | 
2022-08-08 16:44:23,231 - INFO - 241 - ------------------------------------- 
2022-08-08 16:49:21,966 - INFO - 208 - | step  1000 | loss    0.001 | f1    1.000 | 
2022-08-08 16:54:20,802 - INFO - 208 - | step  2000 | loss    0.001 | f1    1.000 | 
2022-08-08 16:59:19,052 - INFO - 208 - | step  3000 | loss    0.001 | f1    1.000 | 
2022-08-08 17:04:16,781 - INFO - 208 - | step  4000 | loss    0.002 | f1    1.000 | 
2022-08-08 17:09:14,923 - INFO - 208 - | step  5000 | loss    0.402 | f1    0.938 | 
2022-08-08 17:14:13,224 - INFO - 208 - | step  6000 | loss    0.001 | f1    1.000 | 
2022-08-08 17:19:11,833 - INFO - 208 - | step  7000 | loss    0.003 | f1    1.000 | 
2022-08-08 17:24:10,221 - INFO - 208 - | step  8000 | loss    0.001 | f1    1.000 | 
2022-08-08 17:29:08,640 - INFO - 208 - | step  9000 | loss    0.005 | f1    1.000 | 
2022-08-08 17:34:06,932 - INFO - 208 - | step 10000 | loss    0.001 | f1    1.000 | 
2022-08-08 17:39:05,410 - INFO - 208 - | step 11000 | loss    0.001 | f1    1.000 | 
2022-08-08 17:44:03,217 - INFO - 208 - | step 12000 | loss    0.001 | f1    1.000 | 
2022-08-08 17:46:31,681 - INFO - 239 - ------------------------------------- 
2022-08-08 17:46:31,681 - INFO - 240 - | end of epoch     7 | time: 3728.45s | 
2022-08-08 17:46:31,681 - INFO - 241 - ------------------------------------- 
2022-08-08 17:51:29,588 - INFO - 208 - | step  1000 | loss    0.001 | f1    1.000 | 
2022-08-08 17:56:27,891 - INFO - 208 - | step  2000 | loss    0.001 | f1    1.000 | 
2022-08-08 18:01:26,716 - INFO - 208 - | step  3000 | loss    0.002 | f1    1.000 | 
2022-08-08 18:06:25,081 - INFO - 208 - | step  4000 | loss    0.002 | f1    1.000 | 
2022-08-08 18:11:23,721 - INFO - 208 - | step  5000 | loss    0.006 | f1    1.000 | 
2022-08-08 18:16:22,185 - INFO - 208 - | step  6000 | loss    0.001 | f1    1.000 | 
2022-08-08 18:21:20,834 - INFO - 208 - | step  7000 | loss    0.002 | f1    1.000 | 
2022-08-08 18:26:19,978 - INFO - 208 - | step  8000 | loss    0.001 | f1    1.000 | 
2022-08-08 18:31:18,633 - INFO - 208 - | step  9000 | loss    0.001 | f1    1.000 | 
2022-08-08 18:36:17,202 - INFO - 208 - | step 10000 | loss    0.001 | f1    1.000 | 
2022-08-08 18:41:15,077 - INFO - 208 - | step 11000 | loss    0.001 | f1    1.000 | 
2022-08-08 18:46:12,944 - INFO - 208 - | step 12000 | loss    0.002 | f1    1.000 | 
2022-08-08 18:48:41,987 - INFO - 239 - ------------------------------------- 
2022-08-08 18:48:41,987 - INFO - 240 - | end of epoch     8 | time: 3730.31s | 
2022-08-08 18:48:41,987 - INFO - 241 - ------------------------------------- 
2022-08-08 18:53:40,850 - INFO - 208 - | step  1000 | loss    0.002 | f1    1.000 | 
2022-08-08 18:58:38,919 - INFO - 208 - | step  2000 | loss    0.006 | f1    1.000 | 
2022-08-08 19:03:37,452 - INFO - 208 - | step  3000 | loss    0.001 | f1    1.000 | 
2022-08-08 19:08:36,349 - INFO - 208 - | step  4000 | loss    0.002 | f1    1.000 | 
2022-08-08 19:13:34,532 - INFO - 208 - | step  5000 | loss    0.001 | f1    1.000 | 
2022-08-08 19:18:33,194 - INFO - 208 - | step  6000 | loss    0.001 | f1    1.000 | 
2022-08-08 19:23:32,087 - INFO - 208 - | step  7000 | loss    0.001 | f1    1.000 | 
2022-08-08 19:28:30,798 - INFO - 208 - | step  8000 | loss    0.002 | f1    1.000 | 
2022-08-08 19:33:28,803 - INFO - 208 - | step  9000 | loss    0.001 | f1    1.000 | 
2022-08-08 19:38:27,065 - INFO - 208 - | step 10000 | loss    0.001 | f1    1.000 | 
2022-08-08 19:43:25,734 - INFO - 208 - | step 11000 | loss    0.001 | f1    1.000 | 
2022-08-08 19:48:23,595 - INFO - 208 - | step 12000 | loss    0.001 | f1    1.000 | 
2022-08-08 19:50:52,274 - INFO - 239 - ------------------------------------- 
2022-08-08 19:50:52,274 - INFO - 240 - | end of epoch     9 | time: 3730.29s | 
2022-08-08 19:50:52,274 - INFO - 241 - ------------------------------------- 
2022-08-08 19:55:50,892 - INFO - 208 - | step  1000 | loss    0.001 | f1    1.000 | 
2022-08-08 20:00:48,908 - INFO - 208 - | step  2000 | loss    0.001 | f1    1.000 | 
2022-08-08 20:05:47,348 - INFO - 208 - | step  3000 | loss    0.001 | f1    1.000 | 
2022-08-08 20:10:45,005 - INFO - 208 - | step  4000 | loss    0.050 | f1    0.938 | 
2022-08-08 20:15:42,247 - INFO - 208 - | step  5000 | loss    0.008 | f1    1.000 | 
2022-08-08 20:20:40,102 - INFO - 208 - | step  6000 | loss    0.001 | f1    1.000 | 
2022-08-08 20:25:38,740 - INFO - 208 - | step  7000 | loss    0.001 | f1    1.000 | 
2022-08-08 20:30:36,402 - INFO - 208 - | step  8000 | loss    0.001 | f1    1.000 | 
2022-08-08 20:35:34,618 - INFO - 208 - | step  9000 | loss    0.001 | f1    1.000 | 
2022-08-08 20:40:32,717 - INFO - 208 - | step 10000 | loss    0.001 | f1    1.000 | 
2022-08-08 20:45:30,932 - INFO - 208 - | step 11000 | loss    0.001 | f1    1.000 | 
2022-08-08 20:50:29,327 - INFO - 208 - | step 12000 | loss    0.001 | f1    1.000 | 
2022-08-08 20:52:57,981 - INFO - 239 - ------------------------------------- 
2022-08-08 20:52:57,982 - INFO - 240 - | end of epoch    10 | time: 3725.71s | 
2022-08-08 20:52:57,982 - INFO - 241 - ------------------------------------- 
2022-08-08 20:58:04,859 - INFO - 248 - 预测概率矩阵保存成功 
2022-08-08 20:58:04,910 - INFO - 255 - 模型预测结束 
