2022-08-03 04:46:51,872 - INFO - 49 - device:cuda 
2022-08-03 04:49:37,006 - INFO - 208 - | step   500 | loss    0.190 | f1    0.938 | 
2022-08-03 04:52:08,699 - INFO - 208 - | step  1000 | loss    0.038 | f1    1.000 | 
2022-08-03 04:54:39,883 - INFO - 208 - | step  1500 | loss    0.462 | f1    0.875 | 
2022-08-03 04:57:11,490 - INFO - 208 - | step  2000 | loss    0.037 | f1    1.000 | 
2022-08-03 04:59:42,626 - INFO - 208 - | step  2500 | loss    0.020 | f1    1.000 | 
2022-08-03 05:02:13,989 - INFO - 208 - | step  3000 | loss    0.135 | f1    0.938 | 
2022-08-03 05:04:45,887 - INFO - 208 - | step  3500 | loss    0.040 | f1    1.000 | 
2022-08-03 05:07:17,135 - INFO - 208 - | step  4000 | loss    0.041 | f1    1.000 | 
2022-08-03 05:09:48,677 - INFO - 208 - | step  4500 | loss    0.453 | f1    0.875 | 
2022-08-03 05:12:20,051 - INFO - 208 - | step  5000 | loss    0.012 | f1    1.000 | 
2022-08-03 05:14:51,258 - INFO - 208 - | step  5500 | loss    0.044 | f1    1.000 | 
2022-08-03 05:17:22,391 - INFO - 208 - | step  6000 | loss    0.009 | f1    1.000 | 
2022-08-03 05:19:53,391 - INFO - 208 - | step  6500 | loss    0.097 | f1    0.938 | 
2022-08-03 05:22:24,551 - INFO - 208 - | step  7000 | loss    0.127 | f1    0.875 | 
2022-08-03 05:24:55,360 - INFO - 208 - | step  7500 | loss    0.184 | f1    0.938 | 
2022-08-03 05:27:26,347 - INFO - 208 - | step  8000 | loss    0.105 | f1    0.938 | 
2022-08-03 05:29:57,038 - INFO - 208 - | step  8500 | loss    0.045 | f1    1.000 | 
2022-08-03 05:32:28,555 - INFO - 208 - | step  9000 | loss    0.319 | f1    0.938 | 
2022-08-03 05:39:47,956 - INFO - 254 - ---------------------------------------------------------------- 
2022-08-03 05:39:47,956 - INFO - 255 - | end of epoch     1 | time: 3162.77s | valid accuracy  0.96590 | 
2022-08-03 05:39:47,956 - INFO - 257 - ---------------------------------------------------------------- 
2022-08-03 05:42:19,416 - INFO - 208 - | step   500 | loss    0.274 | f1    0.938 | 
2022-08-03 05:44:50,299 - INFO - 208 - | step  1000 | loss    0.125 | f1    0.938 | 
2022-08-03 05:47:20,972 - INFO - 208 - | step  1500 | loss    0.157 | f1    0.938 | 
2022-08-03 05:49:52,671 - INFO - 208 - | step  2000 | loss    0.120 | f1    0.938 | 
2022-08-03 05:52:23,127 - INFO - 208 - | step  2500 | loss    0.022 | f1    1.000 | 
2022-08-03 05:54:54,369 - INFO - 208 - | step  3000 | loss    0.058 | f1    1.000 | 
2022-08-03 05:57:25,821 - INFO - 208 - | step  3500 | loss    0.102 | f1    0.938 | 
2022-08-03 05:59:56,993 - INFO - 208 - | step  4000 | loss    0.205 | f1    0.875 | 
2022-08-03 06:02:27,626 - INFO - 208 - | step  4500 | loss    0.014 | f1    1.000 | 
2022-08-03 06:04:58,168 - INFO - 208 - | step  5000 | loss    0.026 | f1    1.000 | 
2022-08-03 06:07:29,532 - INFO - 208 - | step  5500 | loss    0.028 | f1    1.000 | 
2022-08-03 06:10:00,654 - INFO - 208 - | step  6000 | loss    0.006 | f1    1.000 | 
2022-08-03 06:12:30,768 - INFO - 208 - | step  6500 | loss    0.009 | f1    1.000 | 
2022-08-03 06:15:01,309 - INFO - 208 - | step  7000 | loss    0.014 | f1    1.000 | 
2022-08-03 06:17:31,774 - INFO - 208 - | step  7500 | loss    0.054 | f1    1.000 | 
2022-08-03 06:20:02,115 - INFO - 208 - | step  8000 | loss    0.021 | f1    1.000 | 
2022-08-03 06:22:32,880 - INFO - 208 - | step  8500 | loss    0.003 | f1    1.000 | 
2022-08-03 06:25:04,015 - INFO - 208 - | step  9000 | loss    0.003 | f1    1.000 | 
2022-08-03 06:32:18,018 - INFO - 254 - ---------------------------------------------------------------- 
2022-08-03 06:32:18,018 - INFO - 255 - | end of epoch     2 | time: 3150.06s | valid accuracy  0.96828 | 
2022-08-03 06:32:18,018 - INFO - 257 - ---------------------------------------------------------------- 
2022-08-03 06:34:49,548 - INFO - 208 - | step   500 | loss    0.005 | f1    1.000 | 
2022-08-03 06:37:19,623 - INFO - 208 - | step  1000 | loss    0.007 | f1    1.000 | 
2022-08-03 06:39:50,288 - INFO - 208 - | step  1500 | loss    0.005 | f1    1.000 | 
2022-08-03 06:42:20,537 - INFO - 208 - | step  2000 | loss    0.050 | f1    1.000 | 
2022-08-03 06:44:50,698 - INFO - 208 - | step  2500 | loss    0.019 | f1    1.000 | 
2022-08-03 06:47:20,829 - INFO - 208 - | step  3000 | loss    0.025 | f1    1.000 | 
2022-08-03 06:49:50,555 - INFO - 208 - | step  3500 | loss    0.452 | f1    0.875 | 
2022-08-03 06:52:20,197 - INFO - 208 - | step  4000 | loss    0.014 | f1    1.000 | 
2022-08-03 06:54:50,342 - INFO - 208 - | step  4500 | loss    0.038 | f1    1.000 | 
2022-08-03 06:57:20,360 - INFO - 208 - | step  5000 | loss    0.004 | f1    1.000 | 
2022-08-03 06:59:50,705 - INFO - 208 - | step  5500 | loss    0.011 | f1    1.000 | 
2022-08-03 07:02:20,535 - INFO - 208 - | step  6000 | loss    0.003 | f1    1.000 | 
2022-08-03 07:04:50,587 - INFO - 208 - | step  6500 | loss    0.021 | f1    1.000 | 
2022-08-03 07:07:20,550 - INFO - 208 - | step  7000 | loss    0.047 | f1    1.000 | 
2022-08-03 07:09:50,309 - INFO - 208 - | step  7500 | loss    0.005 | f1    1.000 | 
2022-08-03 07:12:20,539 - INFO - 208 - | step  8000 | loss    0.004 | f1    1.000 | 
2022-08-03 07:14:51,095 - INFO - 208 - | step  8500 | loss    0.172 | f1    0.938 | 
2022-08-03 07:17:21,879 - INFO - 208 - | step  9000 | loss    0.297 | f1    0.938 | 
2022-08-03 07:24:35,382 - INFO - 254 - ---------------------------------------------------------------- 
2022-08-03 07:24:35,382 - INFO - 255 - | end of epoch     3 | time: 3137.36s | valid accuracy  0.96752 | 
2022-08-03 07:24:35,382 - INFO - 257 - ---------------------------------------------------------------- 
2022-08-03 07:27:05,206 - INFO - 208 - | step   500 | loss    0.002 | f1    1.000 | 
2022-08-03 07:29:34,717 - INFO - 208 - | step  1000 | loss    0.007 | f1    1.000 | 
2022-08-03 07:32:04,811 - INFO - 208 - | step  1500 | loss    0.009 | f1    1.000 | 
2022-08-03 07:34:34,686 - INFO - 208 - | step  2000 | loss    0.002 | f1    1.000 | 
2022-08-03 07:37:04,429 - INFO - 208 - | step  2500 | loss    0.004 | f1    1.000 | 
2022-08-03 07:39:34,657 - INFO - 208 - | step  3000 | loss    0.016 | f1    1.000 | 
2022-08-03 07:42:04,935 - INFO - 208 - | step  3500 | loss    0.003 | f1    1.000 | 
2022-08-03 07:44:34,821 - INFO - 208 - | step  4000 | loss    0.003 | f1    1.000 | 
2022-08-03 07:47:04,774 - INFO - 208 - | step  4500 | loss    0.005 | f1    1.000 | 
2022-08-03 07:49:34,420 - INFO - 208 - | step  5000 | loss    0.007 | f1    1.000 | 
2022-08-03 07:52:03,806 - INFO - 208 - | step  5500 | loss    0.021 | f1    1.000 | 
2022-08-03 07:54:34,012 - INFO - 208 - | step  6000 | loss    0.005 | f1    1.000 | 
2022-08-03 07:57:04,305 - INFO - 208 - | step  6500 | loss    0.010 | f1    1.000 | 
2022-08-03 07:59:34,011 - INFO - 208 - | step  7000 | loss    0.049 | f1    0.938 | 
2022-08-03 08:02:03,578 - INFO - 208 - | step  7500 | loss    0.005 | f1    1.000 | 
2022-08-03 08:04:33,868 - INFO - 208 - | step  8000 | loss    0.051 | f1    1.000 | 
2022-08-03 08:07:04,422 - INFO - 208 - | step  8500 | loss    0.035 | f1    1.000 | 
2022-08-03 08:09:34,626 - INFO - 208 - | step  9000 | loss    0.002 | f1    1.000 | 
2022-08-03 08:16:47,980 - INFO - 254 - ---------------------------------------------------------------- 
2022-08-03 08:16:47,980 - INFO - 255 - | end of epoch     4 | time: 3132.60s | valid accuracy  0.97008 | 
2022-08-03 08:16:47,980 - INFO - 257 - ---------------------------------------------------------------- 
2022-08-03 08:19:17,844 - INFO - 208 - | step   500 | loss    0.002 | f1    1.000 | 
2022-08-03 08:21:47,847 - INFO - 208 - | step  1000 | loss    0.008 | f1    1.000 | 
2022-08-03 08:24:17,914 - INFO - 208 - | step  1500 | loss    0.001 | f1    1.000 | 
2022-08-03 08:26:48,018 - INFO - 208 - | step  2000 | loss    0.001 | f1    1.000 | 
2022-08-03 08:29:18,756 - INFO - 208 - | step  2500 | loss    0.004 | f1    1.000 | 
2022-08-03 08:31:48,787 - INFO - 208 - | step  3000 | loss    0.002 | f1    1.000 | 
2022-08-03 08:34:19,597 - INFO - 208 - | step  3500 | loss    0.032 | f1    1.000 | 
2022-08-03 08:36:49,776 - INFO - 208 - | step  4000 | loss    0.265 | f1    0.875 | 
2022-08-03 08:39:19,952 - INFO - 208 - | step  4500 | loss    0.002 | f1    1.000 | 
2022-08-03 08:41:49,846 - INFO - 208 - | step  5000 | loss    0.005 | f1    1.000 | 
2022-08-03 08:44:20,001 - INFO - 208 - | step  5500 | loss    0.014 | f1    1.000 | 
2022-08-03 08:46:50,067 - INFO - 208 - | step  6000 | loss    0.294 | f1    0.938 | 
2022-08-03 08:49:19,932 - INFO - 208 - | step  6500 | loss    0.002 | f1    1.000 | 
2022-08-03 08:51:50,670 - INFO - 208 - | step  7000 | loss    0.006 | f1    1.000 | 
2022-08-03 08:54:21,366 - INFO - 208 - | step  7500 | loss    0.004 | f1    1.000 | 
2022-08-03 08:56:51,828 - INFO - 208 - | step  8000 | loss    0.014 | f1    1.000 | 
2022-08-03 08:59:22,075 - INFO - 208 - | step  8500 | loss    0.004 | f1    1.000 | 
2022-08-03 09:01:52,447 - INFO - 208 - | step  9000 | loss    0.001 | f1    1.000 | 
2022-08-03 09:09:04,100 - INFO - 254 - ---------------------------------------------------------------- 
2022-08-03 09:09:04,101 - INFO - 255 - | end of epoch     5 | time: 3136.12s | valid accuracy  0.96876 | 
2022-08-03 09:09:04,101 - INFO - 257 - ---------------------------------------------------------------- 
2022-08-03 09:11:33,948 - INFO - 208 - | step   500 | loss    0.002 | f1    1.000 | 
2022-08-03 09:14:03,425 - INFO - 208 - | step  1000 | loss    0.018 | f1    1.000 | 
2022-08-03 09:16:33,012 - INFO - 208 - | step  1500 | loss    0.002 | f1    1.000 | 
2022-08-03 09:19:01,798 - INFO - 208 - | step  2000 | loss    0.001 | f1    1.000 | 
2022-08-03 09:21:31,544 - INFO - 208 - | step  2500 | loss    0.001 | f1    1.000 | 
2022-08-03 09:24:01,651 - INFO - 208 - | step  3000 | loss    0.002 | f1    1.000 | 
2022-08-03 09:26:31,972 - INFO - 208 - | step  3500 | loss    0.009 | f1    1.000 | 
2022-08-03 09:29:02,033 - INFO - 208 - | step  4000 | loss    0.001 | f1    1.000 | 
2022-08-03 09:31:32,270 - INFO - 208 - | step  4500 | loss    0.001 | f1    1.000 | 
2022-08-03 09:34:02,595 - INFO - 208 - | step  5000 | loss    0.001 | f1    1.000 | 
2022-08-03 09:36:32,905 - INFO - 208 - | step  5500 | loss    0.005 | f1    1.000 | 
2022-08-03 09:39:03,062 - INFO - 208 - | step  6000 | loss    0.002 | f1    1.000 | 
2022-08-03 09:41:33,550 - INFO - 208 - | step  6500 | loss    0.002 | f1    1.000 | 
2022-08-03 09:44:04,025 - INFO - 208 - | step  7000 | loss    0.001 | f1    1.000 | 
2022-08-03 09:46:34,434 - INFO - 208 - | step  7500 | loss    0.328 | f1    0.938 | 
2022-08-03 09:49:05,510 - INFO - 208 - | step  8000 | loss    0.001 | f1    1.000 | 
2022-08-03 09:51:36,649 - INFO - 208 - | step  8500 | loss    0.001 | f1    1.000 | 
2022-08-03 09:54:08,156 - INFO - 208 - | step  9000 | loss    0.003 | f1    1.000 | 
2022-08-03 10:01:20,037 - INFO - 254 - ---------------------------------------------------------------- 
2022-08-03 10:01:20,037 - INFO - 255 - | end of epoch     6 | time: 3135.94s | valid accuracy  0.97026 | 
2022-08-03 10:01:20,037 - INFO - 257 - ---------------------------------------------------------------- 
2022-08-03 10:03:51,303 - INFO - 208 - | step   500 | loss    0.003 | f1    1.000 | 
2022-08-03 10:06:22,726 - INFO - 208 - | step  1000 | loss    0.001 | f1    1.000 | 
2022-08-03 10:08:53,921 - INFO - 208 - | step  1500 | loss    0.004 | f1    1.000 | 
2022-08-03 10:11:25,235 - INFO - 208 - | step  2000 | loss    0.008 | f1    1.000 | 
2022-08-03 10:13:56,444 - INFO - 208 - | step  2500 | loss    0.002 | f1    1.000 | 
2022-08-03 10:16:27,478 - INFO - 208 - | step  3000 | loss    0.001 | f1    1.000 | 
2022-08-03 10:18:58,258 - INFO - 208 - | step  3500 | loss    0.003 | f1    1.000 | 
2022-08-03 10:21:28,490 - INFO - 208 - | step  4000 | loss    0.002 | f1    1.000 | 
2022-08-03 10:23:58,471 - INFO - 208 - | step  4500 | loss    0.013 | f1    1.000 | 
2022-08-03 10:26:28,698 - INFO - 208 - | step  5000 | loss    0.005 | f1    1.000 | 
2022-08-03 10:28:58,983 - INFO - 208 - | step  5500 | loss    0.003 | f1    1.000 | 
2022-08-03 10:31:29,188 - INFO - 208 - | step  6000 | loss    0.001 | f1    1.000 | 
2022-08-03 10:33:59,708 - INFO - 208 - | step  6500 | loss    0.007 | f1    1.000 | 
2022-08-03 10:36:30,539 - INFO - 208 - | step  7000 | loss    0.001 | f1    1.000 | 
2022-08-03 10:39:01,378 - INFO - 208 - | step  7500 | loss    0.001 | f1    1.000 | 
2022-08-03 10:41:31,090 - INFO - 208 - | step  8000 | loss    0.001 | f1    1.000 | 
2022-08-03 10:44:00,955 - INFO - 208 - | step  8500 | loss    0.001 | f1    1.000 | 
2022-08-03 10:46:30,978 - INFO - 208 - | step  9000 | loss    0.015 | f1    1.000 | 
2022-08-03 10:53:40,206 - INFO - 254 - ---------------------------------------------------------------- 
2022-08-03 10:53:40,207 - INFO - 255 - | end of epoch     7 | time: 3140.17s | valid accuracy  0.97006 | 
2022-08-03 10:53:40,207 - INFO - 257 - ---------------------------------------------------------------- 
2022-08-03 10:56:10,157 - INFO - 208 - | step   500 | loss    0.002 | f1    1.000 | 
2022-08-03 10:58:40,433 - INFO - 208 - | step  1000 | loss    0.001 | f1    1.000 | 
2022-08-03 11:01:10,204 - INFO - 208 - | step  1500 | loss    0.006 | f1    1.000 | 
2022-08-03 11:03:40,469 - INFO - 208 - | step  2000 | loss    0.002 | f1    1.000 | 
2022-08-03 11:06:10,466 - INFO - 208 - | step  2500 | loss    0.001 | f1    1.000 | 
2022-08-03 11:08:40,379 - INFO - 208 - | step  3000 | loss    0.001 | f1    1.000 | 
2022-08-03 11:11:10,165 - INFO - 208 - | step  3500 | loss    0.001 | f1    1.000 | 
2022-08-03 11:13:40,582 - INFO - 208 - | step  4000 | loss    0.036 | f1    1.000 | 
2022-08-03 11:16:10,779 - INFO - 208 - | step  4500 | loss    0.001 | f1    1.000 | 
2022-08-03 11:18:40,775 - INFO - 208 - | step  5000 | loss    0.002 | f1    1.000 | 
2022-08-03 11:21:10,984 - INFO - 208 - | step  5500 | loss    0.001 | f1    1.000 | 
2022-08-03 11:23:41,268 - INFO - 208 - | step  6000 | loss    0.001 | f1    1.000 | 
2022-08-03 11:26:11,878 - INFO - 208 - | step  6500 | loss    0.001 | f1    1.000 | 
2022-08-03 11:28:42,681 - INFO - 208 - | step  7000 | loss    0.001 | f1    1.000 | 
2022-08-03 11:31:12,479 - INFO - 208 - | step  7500 | loss    0.001 | f1    1.000 | 
2022-08-03 11:33:42,472 - INFO - 208 - | step  8000 | loss    0.002 | f1    1.000 | 
2022-08-03 11:36:12,371 - INFO - 208 - | step  8500 | loss    0.001 | f1    1.000 | 
2022-08-03 11:38:42,271 - INFO - 208 - | step  9000 | loss    0.001 | f1    1.000 | 
2022-08-03 11:45:55,067 - INFO - 254 - ---------------------------------------------------------------- 
2022-08-03 11:45:55,068 - INFO - 255 - | end of epoch     8 | time: 3134.86s | valid accuracy  0.97046 | 
2022-08-03 11:45:55,068 - INFO - 257 - ---------------------------------------------------------------- 
2022-08-03 11:48:25,479 - INFO - 208 - | step   500 | loss    0.001 | f1    1.000 | 
2022-08-03 11:50:55,489 - INFO - 208 - | step  1000 | loss    0.001 | f1    1.000 | 
2022-08-03 11:53:25,490 - INFO - 208 - | step  1500 | loss    0.001 | f1    1.000 | 
2022-08-03 11:55:55,676 - INFO - 208 - | step  2000 | loss    0.001 | f1    1.000 | 
2022-08-03 11:58:25,887 - INFO - 208 - | step  2500 | loss    0.002 | f1    1.000 | 
2022-08-03 12:00:55,889 - INFO - 208 - | step  3000 | loss    0.001 | f1    1.000 | 
2022-08-03 12:03:26,083 - INFO - 208 - | step  3500 | loss    0.001 | f1    1.000 | 
2022-08-03 12:05:56,088 - INFO - 208 - | step  4000 | loss    0.001 | f1    1.000 | 
2022-08-03 12:08:26,277 - INFO - 208 - | step  4500 | loss    0.001 | f1    1.000 | 
2022-08-03 12:10:56,467 - INFO - 208 - | step  5000 | loss    0.001 | f1    1.000 | 
2022-08-03 12:13:26,469 - INFO - 208 - | step  5500 | loss    0.001 | f1    1.000 | 
2022-08-03 12:15:57,200 - INFO - 208 - | step  6000 | loss    0.033 | f1    1.000 | 
2022-08-03 12:18:27,835 - INFO - 208 - | step  6500 | loss    0.002 | f1    1.000 | 
2022-08-03 12:20:59,455 - INFO - 208 - | step  7000 | loss    0.001 | f1    1.000 | 
2022-08-03 12:23:29,353 - INFO - 208 - | step  7500 | loss    0.001 | f1    1.000 | 
2022-08-03 12:25:59,484 - INFO - 208 - | step  8000 | loss    0.001 | f1    1.000 | 
2022-08-03 12:28:29,474 - INFO - 208 - | step  8500 | loss    0.001 | f1    1.000 | 
2022-08-03 12:30:59,905 - INFO - 208 - | step  9000 | loss    0.001 | f1    1.000 | 
2022-08-03 12:38:13,166 - INFO - 254 - ---------------------------------------------------------------- 
2022-08-03 12:38:13,166 - INFO - 255 - | end of epoch     9 | time: 3138.10s | valid accuracy  0.97094 | 
2022-08-03 12:38:13,166 - INFO - 257 - ---------------------------------------------------------------- 
2022-08-03 12:40:43,575 - INFO - 208 - | step   500 | loss    0.001 | f1    1.000 | 
2022-08-03 12:43:13,578 - INFO - 208 - | step  1000 | loss    0.002 | f1    1.000 | 
2022-08-03 12:45:43,965 - INFO - 208 - | step  1500 | loss    0.001 | f1    1.000 | 
2022-08-03 12:48:13,871 - INFO - 208 - | step  2000 | loss    0.002 | f1    1.000 | 
2022-08-03 12:50:43,878 - INFO - 208 - | step  2500 | loss    0.001 | f1    1.000 | 
2022-08-03 12:53:13,767 - INFO - 208 - | step  3000 | loss    0.002 | f1    1.000 | 
2022-08-03 12:55:43,862 - INFO - 208 - | step  3500 | loss    0.001 | f1    1.000 | 
2022-08-03 12:58:14,201 - INFO - 208 - | step  4000 | loss    0.001 | f1    1.000 | 
2022-08-03 13:00:44,440 - INFO - 208 - | step  4500 | loss    0.001 | f1    1.000 | 
2022-08-03 13:03:14,671 - INFO - 208 - | step  5000 | loss    0.001 | f1    1.000 | 
2022-08-03 13:05:45,667 - INFO - 208 - | step  5500 | loss    0.001 | f1    1.000 | 
2022-08-03 13:08:17,824 - INFO - 208 - | step  6000 | loss    0.001 | f1    1.000 | 
2022-08-03 13:10:48,960 - INFO - 208 - | step  6500 | loss    0.001 | f1    1.000 | 
2022-08-03 13:13:20,568 - INFO - 208 - | step  7000 | loss    0.001 | f1    1.000 | 
2022-08-03 13:15:50,667 - INFO - 208 - | step  7500 | loss    0.001 | f1    1.000 | 
2022-08-03 13:18:20,676 - INFO - 208 - | step  8000 | loss    0.001 | f1    1.000 | 
2022-08-03 13:20:50,677 - INFO - 208 - | step  8500 | loss    0.001 | f1    1.000 | 
2022-08-03 13:23:20,988 - INFO - 208 - | step  9000 | loss    0.001 | f1    1.000 | 
2022-08-03 13:30:34,148 - INFO - 254 - ---------------------------------------------------------------- 
2022-08-03 13:30:34,149 - INFO - 255 - | end of epoch    10 | time: 3140.98s | valid accuracy  0.97118 | 
2022-08-03 13:30:34,149 - INFO - 257 - ---------------------------------------------------------------- 
2022-08-03 13:30:34,149 - INFO - 259 - 模型验证结束 
