test f1 score:0.9683

2022-08-02 17:44:07,846 - INFO - 46 - device:cuda 
2022-08-02 17:44:17,739 - INFO - 58 - 1149 
2022-08-02 17:44:17,742 - INFO - 59 - 2416 
2022-08-02 17:44:17,744 - INFO - 60 - 6336 
2022-08-02 17:45:23,806 - INFO - 167 - Loading vectors from word2vec/cnew_300.txt.pt 
2022-08-02 17:45:23,889 - INFO - 91 - pretrained_vector.shape:torch.Size([6979, 300]) 
2022-08-02 17:45:23,931 - INFO - 273 - ****************************************0**************************************** 
2022-08-02 17:55:47,608 - INFO - 241 - | step   500 | loss    0.692 | f1    0.781 | 
2022-08-02 18:04:36,697 - INFO - 241 - | step  1000 | loss    0.332 | f1    0.922 | 
2022-08-02 18:13:25,262 - INFO - 241 - | step  1500 | loss    0.297 | f1    0.906 | 
2022-08-02 18:22:11,108 - INFO - 241 - | step  2000 | loss    0.371 | f1    0.891 | 
2022-08-02 18:31:39,730 - INFO - 321 - ---------------------------------------------------------- 
2022-08-02 18:31:39,730 - INFO - 322 - | end of epoch     1 | time: 2736.30s | valid f1  0.94368 | 
2022-08-02 18:31:39,730 - INFO - 323 - ---------------------------------------------------------- 
2022-08-02 18:39:36,651 - INFO - 241 - | step   500 | loss    0.140 | f1    0.969 | 
2022-08-02 18:47:34,272 - INFO - 241 - | step  1000 | loss    0.110 | f1    0.969 | 
2022-08-02 18:55:22,421 - INFO - 241 - | step  1500 | loss    0.304 | f1    0.938 | 
2022-08-02 19:03:30,157 - INFO - 241 - | step  2000 | loss    0.164 | f1    0.953 | 
2022-08-02 19:13:42,723 - INFO - 321 - ---------------------------------------------------------- 
2022-08-02 19:13:42,723 - INFO - 322 - | end of epoch     2 | time: 2522.99s | valid f1  0.94990 | 
2022-08-02 19:13:42,723 - INFO - 323 - ---------------------------------------------------------- 
2022-08-02 19:22:19,365 - INFO - 241 - | step   500 | loss    0.088 | f1    0.969 | 
2022-08-02 19:30:25,406 - INFO - 241 - | step  1000 | loss    0.120 | f1    0.953 | 
2022-08-02 19:38:30,773 - INFO - 241 - | step  1500 | loss    0.126 | f1    0.953 | 
2022-08-02 19:46:25,048 - INFO - 241 - | step  2000 | loss    0.086 | f1    0.969 | 
2022-08-02 19:55:56,578 - INFO - 321 - ---------------------------------------------------------- 
2022-08-02 19:55:56,579 - INFO - 322 - | end of epoch     3 | time: 2533.86s | valid f1  0.96273 | 
2022-08-02 19:55:56,579 - INFO - 323 - ---------------------------------------------------------- 
2022-08-02 20:04:00,594 - INFO - 241 - | step   500 | loss    0.097 | f1    0.969 | 
2022-08-02 20:12:04,712 - INFO - 241 - | step  1000 | loss    0.124 | f1    0.969 | 
2022-08-02 20:20:07,799 - INFO - 241 - | step  1500 | loss    0.078 | f1    0.969 | 
2022-08-02 20:28:15,657 - INFO - 241 - | step  2000 | loss    0.095 | f1    0.984 | 
2022-08-02 20:37:41,871 - INFO - 321 - ---------------------------------------------------------- 
2022-08-02 20:37:41,872 - INFO - 322 - | end of epoch     4 | time: 2505.29s | valid f1  0.96322 | 
2022-08-02 20:37:41,872 - INFO - 323 - ---------------------------------------------------------- 
2022-08-02 20:45:50,391 - INFO - 241 - | step   500 | loss    0.026 | f1    0.984 | 
2022-08-02 20:54:01,426 - INFO - 241 - | step  1000 | loss    0.074 | f1    0.953 | 
2022-08-02 21:02:02,210 - INFO - 241 - | step  1500 | loss    0.073 | f1    0.969 | 
2022-08-02 21:10:00,032 - INFO - 241 - | step  2000 | loss    0.019 | f1    0.984 | 
2022-08-02 21:19:25,862 - INFO - 321 - ---------------------------------------------------------- 
2022-08-02 21:19:25,862 - INFO - 322 - | end of epoch     5 | time: 2503.99s | valid f1  0.96637 | 
2022-08-02 21:19:25,862 - INFO - 323 - ---------------------------------------------------------- 
2022-08-02 21:19:25,867 - INFO - 273 - ****************************************1**************************************** 
2022-08-02 21:28:11,086 - INFO - 241 - | step   500 | loss    0.524 | f1    0.891 | 
2022-08-02 21:36:12,323 - INFO - 241 - | step  1000 | loss    0.306 | f1    0.906 | 
2022-08-02 21:44:10,272 - INFO - 241 - | step  1500 | loss    0.080 | f1    0.984 | 
2022-08-02 21:52:20,189 - INFO - 241 - | step  2000 | loss    0.218 | f1    0.922 | 
2022-08-02 22:01:47,736 - INFO - 321 - ---------------------------------------------------------- 
2022-08-02 22:01:47,737 - INFO - 322 - | end of epoch     1 | time: 2502.33s | valid f1  0.94127 | 
2022-08-02 22:01:47,737 - INFO - 323 - ---------------------------------------------------------- 
2022-08-02 22:09:48,788 - INFO - 241 - | step   500 | loss    0.151 | f1    0.938 | 
2022-08-02 22:17:53,699 - INFO - 241 - | step  1000 | loss    0.093 | f1    0.953 | 
2022-08-02 22:25:49,747 - INFO - 241 - | step  1500 | loss    0.227 | f1    0.938 | 
2022-08-02 22:33:51,373 - INFO - 241 - | step  2000 | loss    0.120 | f1    0.953 | 
2022-08-02 22:43:22,641 - INFO - 321 - ---------------------------------------------------------- 
2022-08-02 22:43:22,641 - INFO - 322 - | end of epoch     2 | time: 2494.90s | valid f1  0.94795 | 
2022-08-02 22:43:22,641 - INFO - 323 - ---------------------------------------------------------- 
2022-08-02 22:51:24,465 - INFO - 241 - | step   500 | loss    0.276 | f1    0.906 | 
2022-08-02 22:59:21,767 - INFO - 241 - | step  1000 | loss    0.086 | f1    0.969 | 
2022-08-02 23:07:26,819 - INFO - 241 - | step  1500 | loss    0.074 | f1    0.984 | 
2022-08-02 23:15:27,105 - INFO - 241 - | step  2000 | loss    0.135 | f1    0.969 | 
2022-08-02 23:24:48,650 - INFO - 321 - ---------------------------------------------------------- 
2022-08-02 23:24:48,650 - INFO - 322 - | end of epoch     3 | time: 2486.01s | valid f1  0.95422 | 
2022-08-02 23:24:48,650 - INFO - 323 - ---------------------------------------------------------- 
2022-08-02 23:32:43,924 - INFO - 241 - | step   500 | loss    0.060 | f1    0.969 | 
2022-08-02 23:40:44,683 - INFO - 241 - | step  1000 | loss    0.073 | f1    0.969 | 
2022-08-02 23:48:46,316 - INFO - 241 - | step  1500 | loss    0.035 | f1    0.984 | 
2022-08-02 23:56:49,346 - INFO - 241 - | step  2000 | loss    0.055 | f1    0.984 | 
2022-08-03 00:06:16,591 - INFO - 321 - ---------------------------------------------------------- 
2022-08-03 00:06:16,592 - INFO - 322 - | end of epoch     4 | time: 2487.94s | valid f1  0.96327 | 
2022-08-03 00:06:16,592 - INFO - 323 - ---------------------------------------------------------- 
2022-08-03 00:14:13,043 - INFO - 241 - | step   500 | loss    0.017 | f1    1.000 | 
2022-08-03 00:22:09,965 - INFO - 241 - | step  1000 | loss    0.009 | f1    1.000 | 
2022-08-03 00:30:05,178 - INFO - 241 - | step  1500 | loss    0.023 | f1    0.984 | 
2022-08-03 00:37:55,960 - INFO - 241 - | step  2000 | loss    0.063 | f1    0.969 | 
2022-08-03 00:47:07,691 - INFO - 321 - ---------------------------------------------------------- 
2022-08-03 00:47:07,691 - INFO - 322 - | end of epoch     5 | time: 2451.10s | valid f1  0.96522 | 
2022-08-03 00:47:07,691 - INFO - 323 - ---------------------------------------------------------- 
2022-08-03 00:47:07,694 - INFO - 273 - ****************************************2**************************************** 
2022-08-03 00:55:41,085 - INFO - 241 - | step   500 | loss    0.799 | f1    0.734 | 
2022-08-03 01:03:43,175 - INFO - 241 - | step  1000 | loss    0.177 | f1    0.922 | 
2022-08-03 01:11:38,663 - INFO - 241 - | step  1500 | loss    0.327 | f1    0.906 | 
2022-08-03 01:19:47,556 - INFO - 241 - | step  2000 | loss    0.172 | f1    0.953 | 
2022-08-03 01:29:39,415 - INFO - 321 - ---------------------------------------------------------- 
2022-08-03 01:29:39,415 - INFO - 322 - | end of epoch     1 | time: 2515.96s | valid f1  0.94510 | 
2022-08-03 01:29:39,415 - INFO - 323 - ---------------------------------------------------------- 
2022-08-03 01:37:51,610 - INFO - 241 - | step   500 | loss    0.236 | f1    0.906 | 
2022-08-03 01:45:54,909 - INFO - 241 - | step  1000 | loss    0.126 | f1    0.969 | 
2022-08-03 01:54:04,521 - INFO - 241 - | step  1500 | loss    0.219 | f1    0.953 | 
2022-08-03 02:02:08,285 - INFO - 241 - | step  2000 | loss    0.288 | f1    0.938 | 
2022-08-03 02:11:45,149 - INFO - 321 - ---------------------------------------------------------- 
2022-08-03 02:11:45,149 - INFO - 322 - | end of epoch     2 | time: 2525.73s | valid f1  0.94607 | 
2022-08-03 02:11:45,149 - INFO - 323 - ---------------------------------------------------------- 
2022-08-03 02:19:57,993 - INFO - 241 - | step   500 | loss    0.123 | f1    0.984 | 
2022-08-03 02:28:00,773 - INFO - 241 - | step  1000 | loss    0.145 | f1    0.938 | 
2022-08-03 02:35:59,516 - INFO - 241 - | step  1500 | loss    0.119 | f1    0.984 | 
2022-08-03 02:44:02,467 - INFO - 241 - | step  2000 | loss    0.202 | f1    0.969 | 
2022-08-03 02:53:45,753 - INFO - 321 - ---------------------------------------------------------- 
2022-08-03 02:53:45,753 - INFO - 322 - | end of epoch     3 | time: 2520.60s | valid f1  0.96000 | 
2022-08-03 02:53:45,753 - INFO - 323 - ---------------------------------------------------------- 
2022-08-03 03:01:48,406 - INFO - 241 - | step   500 | loss    0.056 | f1    0.969 | 
2022-08-03 03:09:54,239 - INFO - 241 - | step  1000 | loss    0.124 | f1    0.953 | 
2022-08-03 03:17:53,190 - INFO - 241 - | step  1500 | loss    0.094 | f1    0.953 | 
2022-08-03 03:25:51,823 - INFO - 241 - | step  2000 | loss    0.036 | f1    1.000 | 
2022-08-03 03:35:37,742 - INFO - 321 - ---------------------------------------------------------- 
2022-08-03 03:35:37,742 - INFO - 322 - | end of epoch     4 | time: 2511.99s | valid f1  0.96420 | 
2022-08-03 03:35:37,742 - INFO - 323 - ---------------------------------------------------------- 
2022-08-03 03:43:44,997 - INFO - 241 - | step   500 | loss    0.044 | f1    0.969 | 
2022-08-03 03:51:44,205 - INFO - 241 - | step  1000 | loss    0.033 | f1    0.984 | 
2022-08-03 03:59:43,906 - INFO - 241 - | step  1500 | loss    0.019 | f1    0.984 | 
2022-08-03 04:07:51,006 - INFO - 241 - | step  2000 | loss    0.079 | f1    0.953 | 
2022-08-03 04:17:37,572 - INFO - 321 - ---------------------------------------------------------- 
2022-08-03 04:17:37,572 - INFO - 322 - | end of epoch     5 | time: 2519.83s | valid f1  0.96503 | 
2022-08-03 04:17:37,572 - INFO - 323 - ---------------------------------------------------------- 
2022-08-03 04:17:37,575 - INFO - 273 - ****************************************3**************************************** 
2022-08-03 04:25:56,444 - INFO - 241 - | step   500 | loss    0.611 | f1    0.844 | 
2022-08-03 04:33:53,945 - INFO - 241 - | step  1000 | loss    0.441 | f1    0.859 | 
2022-08-03 04:41:33,848 - INFO - 241 - | step  1500 | loss    0.262 | f1    0.906 | 
2022-08-03 04:49:23,988 - INFO - 241 - | step  2000 | loss    0.157 | f1    0.953 | 
2022-08-03 04:58:32,971 - INFO - 321 - ---------------------------------------------------------- 
2022-08-03 04:58:32,971 - INFO - 322 - | end of epoch     1 | time: 2419.48s | valid f1  0.94332 | 
2022-08-03 04:58:32,972 - INFO - 323 - ---------------------------------------------------------- 
2022-08-03 05:06:09,858 - INFO - 241 - | step   500 | loss    0.168 | f1    0.938 | 
2022-08-03 05:13:54,916 - INFO - 241 - | step  1000 | loss    0.152 | f1    0.922 | 
2022-08-03 05:21:40,932 - INFO - 241 - | step  1500 | loss    0.081 | f1    0.969 | 
2022-08-03 05:29:17,453 - INFO - 241 - | step  2000 | loss    0.257 | f1    0.922 | 
2022-08-03 05:38:25,980 - INFO - 321 - ---------------------------------------------------------- 
2022-08-03 05:38:25,980 - INFO - 322 - | end of epoch     2 | time: 2393.01s | valid f1  0.95142 | 
2022-08-03 05:38:25,980 - INFO - 323 - ---------------------------------------------------------- 
2022-08-03 05:46:05,559 - INFO - 241 - | step   500 | loss    0.174 | f1    0.953 | 
2022-08-03 05:53:47,372 - INFO - 241 - | step  1000 | loss    0.135 | f1    0.953 | 
2022-08-03 06:01:32,793 - INFO - 241 - | step  1500 | loss    0.027 | f1    1.000 | 
2022-08-03 06:09:19,577 - INFO - 241 - | step  2000 | loss    0.123 | f1    0.969 | 
2022-08-03 06:18:21,116 - INFO - 321 - ---------------------------------------------------------- 
2022-08-03 06:18:21,116 - INFO - 322 - | end of epoch     3 | time: 2395.14s | valid f1  0.95703 | 
2022-08-03 06:18:21,116 - INFO - 323 - ---------------------------------------------------------- 
2022-08-03 06:26:05,719 - INFO - 241 - | step   500 | loss    0.053 | f1    0.984 | 
2022-08-03 06:33:47,601 - INFO - 241 - | step  1000 | loss    0.099 | f1    0.969 | 
2022-08-03 06:41:33,779 - INFO - 241 - | step  1500 | loss    0.023 | f1    1.000 | 
2022-08-03 06:49:12,554 - INFO - 241 - | step  2000 | loss    0.029 | f1    1.000 | 
2022-08-03 06:58:24,264 - INFO - 321 - ---------------------------------------------------------- 
2022-08-03 06:58:24,264 - INFO - 322 - | end of epoch     4 | time: 2403.15s | valid f1  0.96267 | 
2022-08-03 06:58:24,264 - INFO - 323 - ---------------------------------------------------------- 
2022-08-03 07:06:12,320 - INFO - 241 - | step   500 | loss    0.068 | f1    0.969 | 
2022-08-03 07:14:25,075 - INFO - 241 - | step  1000 | loss    0.038 | f1    0.984 | 
2022-08-03 07:22:13,895 - INFO - 241 - | step  1500 | loss    0.052 | f1    0.969 | 
2022-08-03 07:30:01,824 - INFO - 241 - | step  2000 | loss    0.034 | f1    1.000 | 
2022-08-03 07:39:13,272 - INFO - 321 - ---------------------------------------------------------- 
2022-08-03 07:39:13,272 - INFO - 322 - | end of epoch     5 | time: 2449.01s | valid f1  0.96625 | 
2022-08-03 07:39:13,272 - INFO - 323 - ---------------------------------------------------------- 
2022-08-03 07:39:13,275 - INFO - 273 - ****************************************4**************************************** 
2022-08-03 07:47:33,882 - INFO - 241 - | step   500 | loss    0.453 | f1    0.891 | 
2022-08-03 07:55:26,159 - INFO - 241 - | step  1000 | loss    0.333 | f1    0.875 | 
2022-08-03 08:03:11,026 - INFO - 241 - | step  1500 | loss    0.262 | f1    0.906 | 
2022-08-03 08:11:01,784 - INFO - 241 - | step  2000 | loss    0.429 | f1    0.891 | 
2022-08-03 08:20:05,606 - INFO - 321 - ---------------------------------------------------------- 
2022-08-03 08:20:05,606 - INFO - 322 - | end of epoch     1 | time: 2417.02s | valid f1  0.94150 | 
2022-08-03 08:20:05,606 - INFO - 323 - ---------------------------------------------------------- 
2022-08-03 08:27:51,474 - INFO - 241 - | step   500 | loss    0.297 | f1    0.844 | 
2022-08-03 08:35:38,510 - INFO - 241 - | step  1000 | loss    0.280 | f1    0.938 | 
2022-08-03 08:43:20,067 - INFO - 241 - | step  1500 | loss    0.301 | f1    0.906 | 
2022-08-03 08:51:06,101 - INFO - 241 - | step  2000 | loss    0.329 | f1    0.938 | 
2022-08-03 09:00:10,074 - INFO - 321 - ---------------------------------------------------------- 
2022-08-03 09:00:10,075 - INFO - 322 - | end of epoch     2 | time: 2404.47s | valid f1  0.95355 | 
2022-08-03 09:00:10,075 - INFO - 323 - ---------------------------------------------------------- 
2022-08-03 09:07:53,486 - INFO - 241 - | step   500 | loss    0.094 | f1    0.969 | 
2022-08-03 09:15:33,816 - INFO - 241 - | step  1000 | loss    0.070 | f1    0.969 | 
2022-08-03 09:23:21,568 - INFO - 241 - | step  1500 | loss    0.178 | f1    0.922 | 
2022-08-03 09:31:06,336 - INFO - 241 - | step  2000 | loss    0.108 | f1    0.953 | 
2022-08-03 09:40:17,330 - INFO - 321 - ---------------------------------------------------------- 
2022-08-03 09:40:17,330 - INFO - 322 - | end of epoch     3 | time: 2407.26s | valid f1  0.95762 | 
2022-08-03 09:40:17,331 - INFO - 323 - ---------------------------------------------------------- 
2022-08-03 09:48:07,484 - INFO - 241 - | step   500 | loss    0.166 | f1    0.953 | 
2022-08-03 09:55:52,627 - INFO - 241 - | step  1000 | loss    0.097 | f1    0.969 | 
2022-08-03 10:03:44,528 - INFO - 241 - | step  1500 | loss    0.154 | f1    0.953 | 
2022-08-03 10:11:25,001 - INFO - 241 - | step  2000 | loss    0.016 | f1    1.000 | 
2022-08-03 10:20:32,233 - INFO - 321 - ---------------------------------------------------------- 
2022-08-03 10:20:32,233 - INFO - 322 - | end of epoch     4 | time: 2414.90s | valid f1  0.96295 | 
2022-08-03 10:20:32,233 - INFO - 323 - ---------------------------------------------------------- 
2022-08-03 10:28:22,261 - INFO - 241 - | step   500 | loss    0.036 | f1    0.984 | 
2022-08-03 10:36:10,018 - INFO - 241 - | step  1000 | loss    0.008 | f1    1.000 | 
2022-08-03 10:44:01,182 - INFO - 241 - | step  1500 | loss    0.008 | f1    1.000 | 
2022-08-03 10:51:37,581 - INFO - 241 - | step  2000 | loss    0.031 | f1    0.984 | 
2022-08-03 11:00:38,182 - INFO - 321 - ---------------------------------------------------------- 
2022-08-03 11:00:38,182 - INFO - 322 - | end of epoch     5 | time: 2405.95s | valid f1  0.96540 | 
2022-08-03 11:00:38,182 - INFO - 323 - ---------------------------------------------------------- 
2022-08-03 11:09:43,522 - INFO - 373 - result_pro.shape:torch.Size([50000, 14]) 
2022-08-03 11:09:43,529 - INFO - 378 - 预测概率矩阵保存成功 
2022-08-03 11:09:43,566 - INFO - 388 - 模型预测结束 
